<?xml version="1.0" encoding="UTF-8"?>
<!-- Generated by org.testng.reporters.JUnitXMLReporter -->
<testsuite hostname="DESKTOP-U6UNKHJ" ignored="0" name="Test" tests="8" failures="2" timestamp="2022-04-01T13:52:58 IST" time="0.382" errors="0">
  <testcase name="password" time="0.024" classname="com.testing.features.LisenorDemo_Runner">
    <skipped/>
  </testcase> <!-- password -->
  <testcase name="password" time="0.006" classname="com.testing.features.LisenorDemo_Runner">
    <skipped/>
  </testcase> <!-- password -->
  <testcase name="password" time="0.019" classname="com.testing.features.LisenorDemo_Runner">
    <skipped/>
  </testcase> <!-- password -->
  <testcase name="password" time="0.007" classname="com.testing.features.LisenorDemo_Runner">
    <failure type="java.lang.AssertionError" message="expected [Gosling123] but found [Gosling1234]">
      <![CDATA[java.lang.AssertionError: expected [Gosling123] but found [Gosling1234]
at com.testing.features.LisenorDemo_Runner.password(LisenorDemo_Runner.java:20)
at java.util.ArrayList.forEach(Unknown Source)
... Removed 33 stack frames]]>
    </failure>
  </testcase> <!-- password -->
  <testcase name="username" time="0.012" classname="com.testing.features.LisenorDemo_Runner">
    <skipped/>
  </testcase> <!-- username -->
  <testcase name="username" time="0.008" classname="com.testing.features.LisenorDemo_Runner">
    <skipped/>
  </testcase> <!-- username -->
  <testcase name="username" time="0.002" classname="com.testing.features.LisenorDemo_Runner">
    <skipped/>
  </testcase> <!-- username -->
  <testcase name="username" time="0.007" classname="com.testing.features.LisenorDemo_Runner">
    <failure type="java.lang.AssertionError" message="expected [Gosling] but found [James Gosling]">
      <![CDATA[java.lang.AssertionError: expected [Gosling] but found [James Gosling]
at com.testing.features.LisenorDemo_Runner.username(LisenorDemo_Runner.java:12)
at java.util.ArrayList.forEach(Unknown Source)
... Removed 33 stack frames]]>
    </failure>
  </testcase> <!-- username -->
</testsuite> <!-- Test -->
